<?xml version="1.0" encoding="UTF-8"?>
<testng-results skipped="0" failed="0" total="2" passed="2">
  <reporter-output>
  </reporter-output>
  <suite name="com.iluv2code.tests.AppTest" duration-ms="14048" started-at="2016-04-04T22:41:05Z" finished-at="2016-04-04T22:41:19Z">
    <groups>
    </groups>
    <test name="Command line test" duration-ms="14048" started-at="2016-04-04T22:41:05Z" finished-at="2016-04-04T22:41:19Z">
      <class name="com.iluv2code.tests.AppTest">
        <test-method status="PASS" signature="setupSelenium()[pri:0, instance:com.iluv2code.tests.AppTest@4cdbe50f]" name="setupSelenium" is-config="true" duration-ms="10815" started-at="2016-04-04T22:41:05Z" finished-at="2016-04-04T22:41:16Z">
        </test-method>
        <test-method status="PASS" signature="testAdd()[pri:0, instance:com.iluv2code.tests.AppTest@4cdbe50f]" name="testAdd" duration-ms="10" started-at="2016-04-04T22:41:16Z" finished-at="2016-04-04T22:41:16Z">
        </test-method>
        <test-method status="PASS" signature="testSearch()[pri:0, instance:com.iluv2code.tests.AppTest@4cdbe50f]" name="testSearch" duration-ms="3072" started-at="2016-04-04T22:41:16Z" finished-at="2016-04-04T22:41:19Z">
        </test-method>
        <test-method status="PASS" signature="closeSelenium()[pri:0, instance:com.iluv2code.tests.AppTest@4cdbe50f]" name="closeSelenium" is-config="true" duration-ms="111" started-at="2016-04-04T22:41:19Z" finished-at="2016-04-04T22:41:19Z">
        </test-method>
      </class>
    </test>
  </suite>
</testng-results>
