<?xml version="1.0" encoding="UTF-8" ?>
<testsuite failures="1" time="7.616" errors="0" skipped="0" tests="1" name="com.iluv2code.tests.AppTest">
  <properties>
[...]
</properties>
  <testcase time="1.939" classname="com.iluv2code.tests.AppTest" name="testSearch">
    <failure message="invalid element state: Element is not currently interactable and may not be manipulated
  (Session info: chrome=43.0.2357.124)
  (Driver info: chromedriver=2.15.322455 (ae8db840dac8d0c453355d3d922c91adfb61df8f),platform=Mac OS X 10.10.3 x86_64) (WARNING: The server did not provide any stacktrace information)
Command duration or timeout: 20 milliseconds
Build info: version: &apos;2.43.0&apos;, revision: &apos;accb3003b9fb8f7cae30f9669b4c594a065396a6&apos;, time: &apos;2014-09-09 22:22:51&apos;
System info: host: &apos;MTVL1145eefa7.local&apos;, ip: &apos;172.18.83.19&apos;, os.name: &apos;Mac OS X&apos;, os.arch: &apos;x86_64&apos;, os.version: &apos;10.10.3&apos;, java.version: &apos;1.6.0_65&apos;
Session ID: f93b24e488b8e0a8c07d1c082ad4f7f1
Driver info: org.openqa.selenium.chrome.ChromeDriver
Capabilities [{platform=MAC, acceptSslCerts=true, javascriptEnabled=true, browserName=chrome, chrome={userDataDir=/var/folders/2v/dyjh9fvn01b9h9by5s3n03w8bdqt61/T/.org.chromium.Chromium.RVPWB0}, rotatable=false, locationContextEnabled=true, mobileEmulationEnabled=false, version=43.0.2357.124, takesHeapSnapshot=true, cssSelectorsEnabled=true, databaseEnabled=false, handlesAlerts=true, browserConnectionEnabled=false, nativeEvents=true, webStorageEnabled=true, applicationCacheEnabled=false, takesScreenshot=true}]" type="org.openqa.selenium.InvalidElementStateException">org.openqa.selenium.InvalidElementStateException: invalid element state: Element is not currently interactable and may not be manipulated
  (Session info: chrome=43.0.2357.124)
  (Driver info: chromedriver=2.15.322455 (ae8db840dac8d0c453355d3d922c91adfb61df8f),platform=Mac OS X 10.10.3 x86_64) (WARNING: The server did not provide any stacktrace information)
Command duration or timeout: 20 milliseconds
Build info: version: &apos;2.43.0&apos;, revision: &apos;accb3003b9fb8f7cae30f9669b4c594a065396a6&apos;, time: &apos;2014-09-09 22:22:51&apos;
System info: host: &apos;MTVL1145eefa7.local&apos;, ip: &apos;172.18.83.19&apos;, os.name: &apos;Mac OS X&apos;, os.arch: &apos;x86_64&apos;, os.version: &apos;10.10.3&apos;, java.version: &apos;1.6.0_65&apos;
Session ID: f93b24e488b8e0a8c07d1c082ad4f7f1
Driver info: org.openqa.selenium.chrome.ChromeDriver
Capabilities [{platform=MAC, acceptSslCerts=true, javascriptEnabled=true, browserName=chrome, chrome={userDataDir=/var/folders/2v/dyjh9fvn01b9h9by5s3n03w8bdqt61/T/.org.chromium.Chromium.RVPWB0}, rotatable=false, locationContextEnabled=true, mobileEmulationEnabled=false, version=43.0.2357.124, takesHeapSnapshot=true, cssSelectorsEnabled=true, databaseEnabled=false, handlesAlerts=true, browserConnectionEnabled=false, nativeEvents=true, webStorageEnabled=true, applicationCacheEnabled=false, takesScreenshot=true}]
	at sun.reflect.NativeConstructorAccessorImpl.newInstance0(Native Method)
	at sun.reflect.NativeConstructorAccessorImpl.newInstance(NativeConstructorAccessorImpl.java:39)
	at sun.reflect.DelegatingConstructorAccessorImpl.newInstance(DelegatingConstructorAccessorImpl.java:27)
	at java.lang.reflect.Constructor.newInstance(Constructor.java:513)
	at org.openqa.selenium.remote.ErrorHandler.createThrowable(ErrorHandler.java:204)
	at org.openqa.selenium.remote.ErrorHandler.throwIfResponseFailed(ErrorHandler.java:156)
	at org.openqa.selenium.remote.RemoteWebDriver.execute(RemoteWebDriver.java:599)
	at org.openqa.selenium.remote.RemoteWebElement.execute(RemoteWebElement.java:268)
	at org.openqa.selenium.remote.RemoteWebElement.clear(RemoteWebElement.java:113)
	at com.iluv2code.tests.AppTest.testSearch(AppTest.java:34)
</failure>
    <system-err>Starting ChromeDriver 2.15.322455 (ae8db840dac8d0c453355d3d922c91adfb61df8f) on port 14331
Only local connections are allowed.
</system-err>
  </testcase>
</testsuite>